<?xml version="1.0" encoding="UTF-8"?>
<testng-results skipped="0" failed="0" ignored="0" total="0" passed="0">
  <reporter-output>
  </reporter-output>
  <suite name="RunCukesTest" duration-ms="7" started-at="2020-04-06T00:35:17Z" finished-at="2020-04-06T00:35:17Z">
    <groups>
    </groups>
    <test name="Command line test" duration-ms="7" started-at="2020-04-06T00:35:17Z" finished-at="2020-04-06T00:35:17Z">
    </test> <!-- Command line test -->
  </suite> <!-- RunCukesTest -->
</testng-results>
